<?xml version="1.0" encoding="UTF-8"?>
<robot generator="Robot 7.0.1 (Python 3.10.12 on linux)" generated="2026-07-11T10:08:21.203716" rpa="false" schemaversion="5">
<suite id="s1" name="Qa-Ecommerce-Project" source="/home/rfahham/projetos/qa-ecommerce-project">
<suite id="s1-s1" name="Automation" source="/home/rfahham/projetos/qa-ecommerce-project/automation">
<suite id="s1-s1-s1" name="Web" source="/home/rfahham/projetos/qa-ecommerce-project/automation/web">
<suite id="s1-s1-s1-s1" name="Robot" source="/home/rfahham/projetos/qa-ecommerce-project/automation/web/robot">
<suite id="s1-s1-s1-s1-s1" name="User" source="/home/rfahham/projetos/qa-ecommerce-project/automation/web/robot/user">
<suite id="s1-s1-s1-s1-s1-s1" name="CT-API-001" source="/home/rfahham/projetos/qa-ecommerce-project/automation/web/robot/user/CT-API-001">
<suite id="s1-s1-s1-s1-s1-s1-s1" name="Dinamico" source="/home/rfahham/projetos/qa-ecommerce-project/automation/web/robot/user/CT-API-001/dinamico.robot">
<kw name="Criar Sessao" type="SETUP">
<kw name="Create Session" owner="RequestsLibrary">
<msg time="2026-07-11T10:08:21.517177" level="INFO">Creating Session using : alias=serverest, url=https://serverest.dev, headers={'Content-Type': 'application/json'},                     cookies={}, auth=None, timeout=None, proxies=None, verify=False,                     debug=0 </msg>
<arg>serverest</arg>
<arg>${BASE_URL}</arg>
<arg>headers={"Content-Type":"application/json"}</arg>
<doc>Create Session: create a HTTP session to a server</doc>
<status status="PASS" start="2026-07-11T10:08:21.516644" elapsed="0.001005"/>
</kw>
<status status="PASS" start="2026-07-11T10:08:21.515849" elapsed="0.002121"/>
</kw>
<test id="s1-s1-s1-s1-s1-s1-s1-t1" name="CT-API-001 - Cadastrar Usuário Administrador" line="13">
<kw name="Generate Random String" owner="String">
<msg time="2026-07-11T10:08:21.582407" level="INFO">${email} = dtdriedjvl</msg>
<var>${email}</var>
<arg>10</arg>
<arg>[LOWER]</arg>
<doc>Generates a string with a desired ``length`` from the given ``chars``.</doc>
<status status="PASS" start="2026-07-11T10:08:21.580621" elapsed="0.002231"/>
</kw>
<kw name="Set Variable" owner="BuiltIn">
<msg time="2026-07-11T10:08:21.585807" level="INFO">${email} = dtdriedjvl@example.com</msg>
<var>${email}</var>
<arg>${email}@example.com</arg>
<doc>Returns the given values which can then be assigned to a variables.</doc>
<status status="PASS" start="2026-07-11T10:08:21.584524" elapsed="0.001639"/>
</kw>
<kw name="Create Dictionary" owner="BuiltIn">
<msg time="2026-07-11T10:08:21.588267" level="INFO">${body} = {'nome': 'Hora do QA - Aprenda sobre Testes de API em: https://youtube.com/@horadoqa', 'email': 'horadoqa-dtdriedjvl@example.com', 'password': '1q2w3e4r', 'administrador': 'true'}</msg>
<var>${body}</var>
<arg>nome=Hora do QA - Aprenda sobre Testes de API em: https://youtube.com/@horadoqa</arg>
<arg>email=horadoqa-${email}</arg>
<arg>password=1q2w3e4r</arg>
<arg>administrador=true</arg>
<doc>Creates and returns a dictionary based on the given ``items``.</doc>
<status status="PASS" start="2026-07-11T10:08:21.586893" elapsed="0.001716"/>
</kw>
<kw name="POST On Session" owner="RequestsLibrary">
<msg time="2026-07-11T10:08:21.978579" level="INFO">POST Request : url=https://serverest.dev/usuarios 
 path_url=/usuarios 
 headers={'User-Agent': 'python-requests/2.34.2', 'Accept-Encoding': 'gzip, deflate, br', 'Accept': '*/*', 'Connection': 'keep-alive', 'Content-Type': 'application/json', 'Content-Length': '179'} 
 body=b'{"nome": "Hora do QA - Aprenda sobre Testes de API em: https://youtube.com/@horadoqa", "email": "horadoqa-dtdriedjvl@example.com", "password": "1q2w3e4r", "administrador": "true"}' 
 </msg>
<msg time="2026-07-11T10:08:21.979759" level="INFO">POST Response : url=https://serverest.dev/usuarios 
 status=201, reason=Created 
 headers={'access-control-allow-origin': '*', 'x-dns-prefetch-control': 'off', 'x-frame-options': 'SAMEORIGIN', 'strict-transport-security': 'max-age=15552000; includeSubDomains', 'x-download-options': 'noopen', 'x-content-type-options': 'nosniff', 'x-xss-protection': '1; mode=block', 'content-type': 'application/json; charset=utf-8', 'x-cloud-trace-context': '363a4cd69c64da9868bddb6a29243ff3;o=1', 'date': 'Sat, 11 Jul 2026 13:08:22 GMT', 'server': 'Google Frontend', 'Content-Length': '82'} 
 body={
    "message": "Cadastro realizado com sucesso",
    "_id": "Y0U2RQZjGabe1DET"
} 
 </msg>
<msg time="2026-07-11T10:08:21.980847" level="INFO">/home/rfahham/.local/lib/python3.10/site-packages/urllib3/connectionpool.py:1110: InsecureRequestWarning: Unverified HTTPS request is being made to host 'serverest.dev'. Adding certificate verification is strongly advised. See: https://urllib3.readthedocs.io/en/latest/advanced-usage.html#tls-warnings
  warnings.warn(</msg>
<msg time="2026-07-11T10:08:21.982660" level="INFO">${response} = &lt;Response [201]&gt;</msg>
<var>${response}</var>
<arg>serverest</arg>
<arg>${ENDPOINT}</arg>
<arg>json=${body}</arg>
<doc>Sends a POST request on a previously created HTTP Session.</doc>
<status status="PASS" start="2026-07-11T10:08:21.589331" elapsed="0.393787"/>
</kw>
<kw name="Status Should Be" owner="RequestsLibrary">
<arg>201</arg>
<arg>${response}</arg>
<doc>Fails if response status code is different than the expected.</doc>
<status status="PASS" start="2026-07-11T10:08:21.984570" elapsed="0.001664"/>
</kw>
<kw name="Set Variable" owner="BuiltIn">
<msg time="2026-07-11T10:08:21.988905" level="INFO">${json} = {'message': 'Cadastro realizado com sucesso', '_id': 'Y0U2RQZjGabe1DET'}</msg>
<var>${json}</var>
<arg>${response.json()}</arg>
<doc>Returns the given values which can then be assigned to a variables.</doc>
<status status="PASS" start="2026-07-11T10:08:21.987275" elapsed="0.002036"/>
</kw>
<kw name="Should Be Equal As Strings" owner="BuiltIn">
<arg>${json["message"]}</arg>
<arg>Cadastro realizado com sucesso</arg>
<doc>Fails if objects are unequal after converting them to strings.</doc>
<status status="PASS" start="2026-07-11T10:08:21.990985" elapsed="0.002135"/>
</kw>
<kw name="Dictionary Should Contain Key" owner="Collections">
<arg>${json}</arg>
<arg>_id</arg>
<doc>Fails if ``key`` is not found from ``dictionary``.</doc>
<status status="PASS" start="2026-07-11T10:08:21.994513" elapsed="0.001119"/>
</kw>
<kw name="Should Not Be Empty" owner="BuiltIn">
<msg time="2026-07-11T10:08:21.997379" level="INFO">Length is 16.</msg>
<arg>${json["_id"]}</arg>
<doc>Verifies that the given item is not empty.</doc>
<status status="PASS" start="2026-07-11T10:08:21.996250" elapsed="0.001548"/>
</kw>
<status status="PASS" start="2026-07-11T10:08:21.518172" elapsed="0.480947"/>
</test>
<test id="s1-s1-s1-s1-s1-s1-s1-t2" name="CT-API-001 - Não Permitir Cadastro com E-mail Duplicado" line="39">
<kw name="Generate Random String" owner="String">
<msg time="2026-07-11T10:08:22.074665" level="INFO">${email} = ndugsdvbiw</msg>
<var>${email}</var>
<arg>10</arg>
<arg>[LOWER]</arg>
<doc>Generates a string with a desired ``length`` from the given ``chars``.</doc>
<status status="PASS" start="2026-07-11T10:08:22.074015" elapsed="0.000899"/>
</kw>
<kw name="Set Variable" owner="BuiltIn">
<msg time="2026-07-11T10:08:22.076434" level="INFO">${email} = ndugsdvbiw@example.com</msg>
<var>${email}</var>
<arg>${email}@example.com</arg>
<doc>Returns the given values which can then be assigned to a variables.</doc>
<status status="PASS" start="2026-07-11T10:08:22.075735" elapsed="0.000914"/>
</kw>
<kw name="Create Dictionary" owner="BuiltIn">
<msg time="2026-07-11T10:08:22.077886" level="INFO">${body} = {'nome': 'Hora do QA - Aprenda sobre Testes de API em: https://youtube.com/@horadoqa', 'email': 'horadoqa-ndugsdvbiw@example.com', 'password': '1q2w3e4r', 'administrador': 'true'}</msg>
<var>${body}</var>
<arg>nome=Hora do QA - Aprenda sobre Testes de API em: https://youtube.com/@horadoqa</arg>
<arg>email=horadoqa-${email}</arg>
<arg>password=1q2w3e4r</arg>
<arg>administrador=true</arg>
<doc>Creates and returns a dictionary based on the given ``items``.</doc>
<status status="PASS" start="2026-07-11T10:08:22.077357" elapsed="0.000725"/>
</kw>
<kw name="POST On Session" owner="RequestsLibrary">
<msg time="2026-07-11T10:08:22.230005" level="INFO">POST Request : url=https://serverest.dev/usuarios 
 path_url=/usuarios 
 headers={'User-Agent': 'python-requests/2.34.2', 'Accept-Encoding': 'gzip, deflate, br', 'Accept': '*/*', 'Connection': 'keep-alive', 'Content-Type': 'application/json', 'Content-Length': '179'} 
 body=b'{"nome": "Hora do QA - Aprenda sobre Testes de API em: https://youtube.com/@horadoqa", "email": "horadoqa-ndugsdvbiw@example.com", "password": "1q2w3e4r", "administrador": "true"}' 
 </msg>
<msg time="2026-07-11T10:08:22.230346" level="INFO">POST Response : url=https://serverest.dev/usuarios 
 status=201, reason=Created 
 headers={'access-control-allow-origin': '*', 'x-dns-prefetch-control': 'off', 'x-frame-options': 'SAMEORIGIN', 'strict-transport-security': 'max-age=15552000; includeSubDomains', 'x-download-options': 'noopen', 'x-content-type-options': 'nosniff', 'x-xss-protection': '1; mode=block', 'content-type': 'application/json; charset=utf-8', 'x-cloud-trace-context': 'ee2b4d2670cc1d0068bddb6a29243d2d', 'date': 'Sat, 11 Jul 2026 13:08:22 GMT', 'server': 'Google Frontend', 'Content-Length': '82'} 
 body={
    "message": "Cadastro realizado com sucesso",
    "_id": "YwAGm1pVtQdvQLvb"
} 
 </msg>
<msg time="2026-07-11T10:08:22.230615" level="INFO">/home/rfahham/.local/lib/python3.10/site-packages/urllib3/connectionpool.py:1110: InsecureRequestWarning: Unverified HTTPS request is being made to host 'serverest.dev'. Adding certificate verification is strongly advised. See: https://urllib3.readthedocs.io/en/latest/advanced-usage.html#tls-warnings
  warnings.warn(</msg>
<msg time="2026-07-11T10:08:22.231451" level="INFO">${response} = &lt;Response [201]&gt;</msg>
<var>${response}</var>
<arg>serverest</arg>
<arg>${ENDPOINT}</arg>
<arg>json=${body}</arg>
<doc>Sends a POST request on a previously created HTTP Session.</doc>
<status status="PASS" start="2026-07-11T10:08:22.078870" elapsed="0.152781"/>
</kw>
<kw name="Status Should Be" owner="RequestsLibrary">
<arg>201</arg>
<arg>${response}</arg>
<doc>Fails if response status code is different than the expected.</doc>
<status status="PASS" start="2026-07-11T10:08:22.232638" elapsed="0.000650"/>
</kw>
<kw name="POST On Session" owner="RequestsLibrary">
<msg time="2026-07-11T10:08:22.398098" level="INFO">POST Request : url=https://serverest.dev/usuarios 
 path_url=/usuarios 
 headers={'User-Agent': 'python-requests/2.34.2', 'Accept-Encoding': 'gzip, deflate, br', 'Accept': '*/*', 'Connection': 'keep-alive', 'Content-Type': 'application/json', 'Content-Length': '179'} 
 body=b'{"nome": "Hora do QA - Aprenda sobre Testes de API em: https://youtube.com/@horadoqa", "email": "horadoqa-ndugsdvbiw@example.com", "password": "1q2w3e4r", "administrador": "true"}' 
 </msg>
<msg time="2026-07-11T10:08:22.398773" level="INFO">POST Response : url=https://serverest.dev/usuarios 
 status=400, reason=Bad Request 
 headers={'access-control-allow-origin': '*', 'x-dns-prefetch-control': 'off', 'x-frame-options': 'SAMEORIGIN', 'strict-transport-security': 'max-age=15552000; includeSubDomains', 'x-download-options': 'noopen', 'x-content-type-options': 'nosniff', 'x-xss-protection': '1; mode=block', 'content-type': 'application/json; charset=utf-8', 'x-cloud-trace-context': '41baf931947e5e5468bddb6a292433df', 'date': 'Sat, 11 Jul 2026 13:08:22 GMT', 'server': 'Google Frontend', 'Content-Length': '53'} 
 body={
    "message": "Este email já está sendo usado"
} 
 </msg>
<msg time="2026-07-11T10:08:22.399449" level="INFO">/home/rfahham/.local/lib/python3.10/site-packages/urllib3/connectionpool.py:1110: InsecureRequestWarning: Unverified HTTPS request is being made to host 'serverest.dev'. Adding certificate verification is strongly advised. See: https://urllib3.readthedocs.io/en/latest/advanced-usage.html#tls-warnings
  warnings.warn(</msg>
<msg time="2026-07-11T10:08:22.400807" level="INFO">${response} = &lt;Response [400]&gt;</msg>
<var>${response}</var>
<arg>serverest</arg>
<arg>${ENDPOINT}</arg>
<arg>json=${body}</arg>
<arg>expected_status=400</arg>
<doc>Sends a POST request on a previously created HTTP Session.</doc>
<status status="PASS" start="2026-07-11T10:08:22.233851" elapsed="0.167542"/>
</kw>
<kw name="Status Should Be" owner="RequestsLibrary">
<arg>400</arg>
<arg>${response}</arg>
<doc>Fails if response status code is different than the expected.</doc>
<status status="PASS" start="2026-07-11T10:08:22.402895" elapsed="0.001136"/>
</kw>
<kw name="Set Variable" owner="BuiltIn">
<msg time="2026-07-11T10:08:22.409493" level="INFO">${json} = {'message': 'Este email já está sendo usado'}</msg>
<var>${json}</var>
<arg>${response.json()}</arg>
<doc>Returns the given values which can then be assigned to a variables.</doc>
<status status="PASS" start="2026-07-11T10:08:22.405454" elapsed="0.004368"/>
</kw>
<kw name="Should Be Equal As Strings" owner="BuiltIn">
<arg>${json["message"]}</arg>
<arg>Este email já está sendo usado</arg>
<doc>Fails if objects are unequal after converting them to strings.</doc>
<status status="PASS" start="2026-07-11T10:08:22.411653" elapsed="0.001377"/>
</kw>
<status status="PASS" start="2026-07-11T10:08:22.012706" elapsed="0.400826"/>
</test>
<status status="PASS" start="2026-07-11T10:08:21.413638" elapsed="1.018522"/>
</suite>
<status status="PASS" start="2026-07-11T10:08:21.403116" elapsed="1.126662"/>
</suite>
<status status="PASS" start="2026-07-11T10:08:21.388937" elapsed="1.157439"/>
</suite>
<status status="PASS" start="2026-07-11T10:08:21.376275" elapsed="1.236028"/>
</suite>
<status status="PASS" start="2026-07-11T10:08:21.289689" elapsed="1.381941"/>
</suite>
<status status="PASS" start="2026-07-11T10:08:21.259625" elapsed="1.424123"/>
</suite>
<status status="PASS" start="2026-07-11T10:08:21.209505" elapsed="1.571016"/>
</suite>
<statistics>
<total>
<stat pass="2" fail="0" skip="0">All Tests</stat>
</total>
<tag>
</tag>
<suite>
<stat pass="2" fail="0" skip="0" id="s1" name="Qa-Ecommerce-Project">Qa-Ecommerce-Project</stat>
<stat pass="2" fail="0" skip="0" id="s1-s1" name="Automation">Qa-Ecommerce-Project.Automation</stat>
<stat pass="2" fail="0" skip="0" id="s1-s1-s1" name="Web">Qa-Ecommerce-Project.Automation.Web</stat>
<stat pass="2" fail="0" skip="0" id="s1-s1-s1-s1" name="Robot">Qa-Ecommerce-Project.Automation.Web.Robot</stat>
<stat pass="2" fail="0" skip="0" id="s1-s1-s1-s1-s1" name="User">Qa-Ecommerce-Project.Automation.Web.Robot.User</stat>
<stat pass="2" fail="0" skip="0" id="s1-s1-s1-s1-s1-s1" name="CT-API-001">Qa-Ecommerce-Project.Automation.Web.Robot.User.CT-API-001</stat>
<stat pass="2" fail="0" skip="0" id="s1-s1-s1-s1-s1-s1-s1" name="Dinamico">Qa-Ecommerce-Project.Automation.Web.Robot.User.CT-API-001.Dinamico</stat>
</suite>
</statistics>
<errors>
</errors>
</robot>
